android/app/build/intermediates/manifest_merge_blame_file/debug/manifest-merger-blame-debug-report.txt
1<?xml version="1.0" encoding="utf-8"?>
2<manifest xmlns:android="http://schemas.android.com/apk/res/android"
3    package="com.crosalesmoran.loggerapp"
4    android:versionCode="1"
5    android:versionName="1.0.0" >
6
7    <uses-sdk
8        android:minSdkVersion="21"
9        android:targetSdkVersion="30" />
10
11    <uses-permission android:name="android.permission.SYSTEM_ALERT_WINDOW" />
11-->src\main\AndroidManifest.xml:4:3-75
11-->src\main\AndroidManifest.xml:4:20-73
12    <uses-permission android:name="android.permission.INTERNET" />
12-->src\main\AndroidManifest.xml:2:3-64
12-->src\main\AndroidManifest.xml:2:20-62
13    <uses-permission android:name="android.permission.READ_EXTERNAL_STORAGE" />
13-->src\main\AndroidManifest.xml:3:3-77
13-->src\main\AndroidManifest.xml:3:20-75
14    <uses-permission android:name="android.permission.VIBRATE" />
14-->src\main\AndroidManifest.xml:5:3-63
14-->src\main\AndroidManifest.xml:5:20-61
15    <uses-permission android:name="android.permission.WRITE_EXTERNAL_STORAGE" />
15-->src\main\AndroidManifest.xml:6:3-78
15-->src\main\AndroidManifest.xml:6:20-76
16    <uses-permission android:name="android.permission.RECORD\_AUDIO" />
16-->src\main\AndroidManifest.xml:7:3-70
16-->src\main\AndroidManifest.xml:7:20-67
17
18    <queries>
18-->src\main\AndroidManifest.xml:8:3-14:13
19        <intent>
19-->src\main\AndroidManifest.xml:9:5-13:14
20            <action android:name="android.intent.action.VIEW" />
20-->src\main\AndroidManifest.xml:10:7-58
20-->src\main\AndroidManifest.xml:10:15-56
21
22            <category android:name="android.intent.category.BROWSABLE" />
22-->src\main\AndroidManifest.xml:11:7-67
22-->src\main\AndroidManifest.xml:11:17-65
23
24            <data android:scheme="https" />
24-->src\main\AndroidManifest.xml:12:7-37
24-->src\main\AndroidManifest.xml:12:13-35
25        </intent>
26        <!-- Query open documents -->
27        <intent>
27-->[:expo-file-system] AndroidManifest.xml:19:9-21:18
28            <action android:name="android.intent.action.OPEN_DOCUMENT_TREE" />
28-->[:expo-file-system] AndroidManifest.xml:20:13-79
28-->[:expo-file-system] AndroidManifest.xml:20:21-76
29        </intent>
30    </queries>
31
32    <uses-permission android:name="android.permission.ACCESS_WIFI_STATE" />
32-->[com.facebook.flipper:flipper:0.54.0] AndroidManifest.xml:16:5-76
32-->[com.facebook.flipper:flipper:0.54.0] AndroidManifest.xml:16:22-73
33    <uses-permission android:name="android.permission.BLUETOOTH" />
33-->[:react-native-ble-plx] AndroidManifest.xml:9:5-68
33-->[:react-native-ble-plx] AndroidManifest.xml:9:22-65
34    <uses-permission android:name="android.permission.BLUETOOTH_ADMIN" />
34-->[:react-native-ble-plx] AndroidManifest.xml:10:5-74
34-->[:react-native-ble-plx] AndroidManifest.xml:10:22-71
35    <uses-permission android:name="android.permission.ACCESS_NETWORK_STATE" />
35-->[:expo-updates] AndroidManifest.xml:11:5-79
35-->[:expo-updates] AndroidManifest.xml:11:22-76
36    <uses-permission android:name="android.permission.RECORD_AUDIO" />
36-->[:react-native-recording] AndroidManifest.xml:9:5-71
36-->[:react-native-recording] AndroidManifest.xml:9:22-68
37
38    <uses-permission-sdk-23 android:name="android.permission.ACCESS_COARSE_LOCATION" />
38-->[com.github.Polidea:MultiPlatformBleAdapter:b0272c0fae040cc90f790481c54e8f2d45304339] AndroidManifest.xml:14:5-88
38-->[com.github.Polidea:MultiPlatformBleAdapter:b0272c0fae040cc90f790481c54e8f2d45304339] AndroidManifest.xml:14:29-85
39    <uses-permission-sdk-23 android:name="android.permission.ACCESS_FINE_LOCATION" />
39-->[com.polidea.rxandroidble:rxandroidble:1.7.1] AndroidManifest.xml:15:5-86
39-->[com.polidea.rxandroidble:rxandroidble:1.7.1] AndroidManifest.xml:15:29-83
40
41    <uses-permission android:name="com.google.android.finsky.permission.BIND_GET_INSTALL_REFERRER_SERVICE" />
41-->[com.android.installreferrer:installreferrer:1.0] AndroidManifest.xml:9:5-110
41-->[com.android.installreferrer:installreferrer:1.0] AndroidManifest.xml:9:22-107
42
43    <application
43-->src\main\AndroidManifest.xml:15:3-34:17
44        android:name="com.crosalesmoran.loggerapp.MainApplication"
44-->src\main\AndroidManifest.xml:15:16-47
45        android:allowBackup="true"
45-->src\main\AndroidManifest.xml:15:162-188
46        android:appComponentFactory="androidx.core.app.CoreComponentFactory"
46-->[androidx.core:core:1.3.0] AndroidManifest.xml:24:18-86
47        android:debuggable="true"
48        android:icon="@mipmap/ic_launcher"
48-->src\main\AndroidManifest.xml:15:81-115
49        android:label="@string/app_name"
49-->src\main\AndroidManifest.xml:15:48-80
50        android:roundIcon="@mipmap/ic_launcher_round"
50-->src\main\AndroidManifest.xml:15:116-161
51        android:theme="@style/AppTheme"
51-->src\main\AndroidManifest.xml:15:189-220
52        android:usesCleartextTraffic="true" >
52-->src\main\AndroidManifest.xml:15:221-256
53        <meta-data
53-->src\main\AndroidManifest.xml:16:5-82
54            android:name="expo.modules.updates.ENABLED"
54-->src\main\AndroidManifest.xml:16:16-59
55            android:value="true" />
55-->src\main\AndroidManifest.xml:16:60-80
56        <meta-data
56-->src\main\AndroidManifest.xml:17:5-93
57            android:name="expo.modules.updates.EXPO_SDK_VERSION"
57-->src\main\AndroidManifest.xml:17:16-68
58            android:value="43.0.0" />
58-->src\main\AndroidManifest.xml:17:69-91
59        <meta-data
59-->src\main\AndroidManifest.xml:18:5-105
60            android:name="expo.modules.updates.EXPO_UPDATES_CHECK_ON_LAUNCH"
60-->src\main\AndroidManifest.xml:18:16-80
61            android:value="ALWAYS" />
61-->src\main\AndroidManifest.xml:18:81-103
62        <meta-data
62-->src\main\AndroidManifest.xml:19:5-99
63            android:name="expo.modules.updates.EXPO_UPDATES_LAUNCH_WAIT_MS"
63-->src\main\AndroidManifest.xml:19:16-79
64            android:value="0" />
64-->src\main\AndroidManifest.xml:19:80-97
65        <meta-data
65-->src\main\AndroidManifest.xml:20:5-128
66            android:name="expo.modules.updates.EXPO_UPDATE_URL"
66-->src\main\AndroidManifest.xml:20:16-67
67            android:value="https://exp.host/@crosalesmoran/logger-app" />
67-->src\main\AndroidManifest.xml:20:68-126
68
69        <activity
69-->src\main\AndroidManifest.xml:21:5-32:16
70            android:name="com.crosalesmoran.loggerapp.MainActivity"
70-->src\main\AndroidManifest.xml:21:15-43
71            android:configChanges="keyboard|keyboardHidden|orientation|screenSize|uiMode"
71-->src\main\AndroidManifest.xml:21:77-154
72            android:label="@string/app_name"
72-->src\main\AndroidManifest.xml:21:44-76
73            android:launchMode="singleTask"
73-->src\main\AndroidManifest.xml:21:155-186
74            android:screenOrientation="portrait"
74-->src\main\AndroidManifest.xml:21:273-309
75            android:theme="@style/Theme.App.SplashScreen"
75-->src\main\AndroidManifest.xml:21:227-272
76            android:windowSoftInputMode="adjustPan" >
76-->src\main\AndroidManifest.xml:21:187-226
77            <intent-filter>
77-->src\main\AndroidManifest.xml:22:7-25:23
78                <action android:name="android.intent.action.MAIN" />
78-->src\main\AndroidManifest.xml:23:9-60
78-->src\main\AndroidManifest.xml:23:17-58
79
80                <category android:name="android.intent.category.LAUNCHER" />
80-->src\main\AndroidManifest.xml:24:9-68
80-->src\main\AndroidManifest.xml:24:19-66
81            </intent-filter>
82            <intent-filter>
82-->src\main\AndroidManifest.xml:26:7-31:23
83                <action android:name="android.intent.action.VIEW" />
83-->src\main\AndroidManifest.xml:10:7-58
83-->src\main\AndroidManifest.xml:10:15-56
84
85                <category android:name="android.intent.category.DEFAULT" />
85-->src\main\AndroidManifest.xml:28:9-67
85-->src\main\AndroidManifest.xml:28:19-65
86                <category android:name="android.intent.category.BROWSABLE" />
86-->src\main\AndroidManifest.xml:11:7-67
86-->src\main\AndroidManifest.xml:11:17-65
87
88                <data android:scheme="com.crosalesmoran.loggerapp" />
88-->src\main\AndroidManifest.xml:12:7-37
88-->src\main\AndroidManifest.xml:12:13-35
89            </intent-filter>
90        </activity>
91        <activity android:name="com.facebook.react.devsupport.DevSettingsActivity" />
91-->src\main\AndroidManifest.xml:33:5-81
91-->src\main\AndroidManifest.xml:33:15-79
92
93        <meta-data
93-->[:react-native-firebase_app] AndroidManifest.xml:12:9-14:36
94            android:name="app_data_collection_default_enabled"
94-->[:react-native-firebase_app] AndroidManifest.xml:13:13-63
95            android:value="true" />
95-->[:react-native-firebase_app] AndroidManifest.xml:14:13-33
96
97        <service
97-->[:react-native-firebase_app] AndroidManifest.xml:16:9-20:19
98            android:name="com.google.firebase.components.ComponentDiscoveryService"
98-->[:react-native-firebase_app] AndroidManifest.xml:16:18-89
99            android:directBootAware="true"
99-->[com.google.firebase:firebase-common:20.0.0] AndroidManifest.xml:35:13-43
100            android:exported="false" >
100-->[com.google.firebase:firebase-firestore:23.0.4] AndroidManifest.xml:19:13-37
101            <meta-data
101-->[:react-native-firebase_app] AndroidManifest.xml:17:13-19:85
102                android:name="com.google.firebase.components:io.invertase.firebase.app.ReactNativeFirebaseAppRegistrar"
102-->[:react-native-firebase_app] AndroidManifest.xml:18:17-120
103                android:value="com.google.firebase.components.ComponentRegistrar" />
103-->[:react-native-firebase_app] AndroidManifest.xml:19:17-82
104            <meta-data
104-->[com.google.firebase:firebase-firestore:23.0.4] AndroidManifest.xml:20:13-22:85
105                android:name="com.google.firebase.components:com.google.firebase.firestore.FirestoreRegistrar"
105-->[com.google.firebase:firebase-firestore:23.0.4] AndroidManifest.xml:21:17-111
106                android:value="com.google.firebase.components.ComponentRegistrar" />
106-->[com.google.firebase:firebase-firestore:23.0.4] AndroidManifest.xml:22:17-82
107        </service>
108
109        <provider
109-->[:react-native-firebase_app] AndroidManifest.xml:22:9-26:38
110            android:name="io.invertase.firebase.app.ReactNativeFirebaseAppInitProvider"
110-->[:react-native-firebase_app] AndroidManifest.xml:23:13-88
111            android:authorities="com.crosalesmoran.loggerapp.reactnativefirebaseappinitprovider"
111-->[:react-native-firebase_app] AndroidManifest.xml:24:13-86
112            android:exported="false"
112-->[:react-native-firebase_app] AndroidManifest.xml:25:13-37
113            android:initOrder="99" />
113-->[:react-native-firebase_app] AndroidManifest.xml:26:13-35
114        <provider
114-->[:expo-file-system] AndroidManifest.xml:25:9-34:20
115            android:name="expo.modules.filesystem.FileSystemFileProvider"
115-->[:expo-file-system] AndroidManifest.xml:26:13-74
116            android:authorities="com.crosalesmoran.loggerapp.FileSystemFileProvider"
116-->[:expo-file-system] AndroidManifest.xml:27:13-74
117            android:exported="false"
117-->[:expo-file-system] AndroidManifest.xml:28:13-37
118            android:grantUriPermissions="true" >
118-->[:expo-file-system] AndroidManifest.xml:29:13-47
119            <meta-data
119-->[:expo-file-system] AndroidManifest.xml:31:13-33:70
120                android:name="android.support.FILE_PROVIDER_PATHS"
120-->[:expo-file-system] AndroidManifest.xml:32:17-67
121                android:resource="@xml/file_system_provider_paths" />
121-->[:expo-file-system] AndroidManifest.xml:33:17-67
122        </provider>
123
124        <meta-data
124-->[:expo-modules-core] AndroidManifest.xml:12:9-14:89
125            android:name="org.unimodules.core.AppLoader#react-native-headless"
125-->[:expo-modules-core] AndroidManifest.xml:13:13-79
126            android:value="expo.modules.adapters.react.apploader.RNHeadlessAppLoader" />
126-->[:expo-modules-core] AndroidManifest.xml:14:13-86
127
128        <activity
128-->[com.google.android.gms:play-services-auth:19.2.0] AndroidManifest.xml:23:9-27:75
129            android:name="com.google.android.gms.auth.api.signin.internal.SignInHubActivity"
129-->[com.google.android.gms:play-services-auth:19.2.0] AndroidManifest.xml:24:13-93
130            android:excludeFromRecents="true"
130-->[com.google.android.gms:play-services-auth:19.2.0] AndroidManifest.xml:25:13-46
131            android:exported="false"
131-->[com.google.android.gms:play-services-auth:19.2.0] AndroidManifest.xml:26:13-37
132            android:theme="@android:style/Theme.Translucent.NoTitleBar" />
132-->[com.google.android.gms:play-services-auth:19.2.0] AndroidManifest.xml:27:13-72
133        <!--
134            Service handling Google Sign-In user revocation. For apps that do not integrate with
135            Google Sign-In, this service will never be started.
136        -->
137        <service
137-->[com.google.android.gms:play-services-auth:19.2.0] AndroidManifest.xml:33:9-37:51
138            android:name="com.google.android.gms.auth.api.signin.RevocationBoundService"
138-->[com.google.android.gms:play-services-auth:19.2.0] AndroidManifest.xml:34:13-89
139            android:exported="true"
139-->[com.google.android.gms:play-services-auth:19.2.0] AndroidManifest.xml:35:13-36
140            android:permission="com.google.android.gms.auth.api.signin.permission.REVOCATION_NOTIFICATION"
140-->[com.google.android.gms:play-services-auth:19.2.0] AndroidManifest.xml:36:13-107
141            android:visibleToInstantApps="true" />
141-->[com.google.android.gms:play-services-auth:19.2.0] AndroidManifest.xml:37:13-48
142
143        <activity
143-->[com.google.android.gms:play-services-base:17.5.0] AndroidManifest.xml:23:9-26:75
144            android:name="com.google.android.gms.common.api.GoogleApiActivity"
144-->[com.google.android.gms:play-services-base:17.5.0] AndroidManifest.xml:24:13-79
145            android:exported="false"
145-->[com.google.android.gms:play-services-base:17.5.0] AndroidManifest.xml:25:13-37
146            android:theme="@android:style/Theme.Translucent.NoTitleBar" />
146-->[com.google.android.gms:play-services-base:17.5.0] AndroidManifest.xml:26:13-72
147
148        <provider
148-->[com.google.firebase:firebase-common:20.0.0] AndroidManifest.xml:26:9-31:39
149            android:name="com.google.firebase.provider.FirebaseInitProvider"
149-->[com.google.firebase:firebase-common:20.0.0] AndroidManifest.xml:27:13-77
150            android:authorities="com.crosalesmoran.loggerapp.firebaseinitprovider"
150-->[com.google.firebase:firebase-common:20.0.0] AndroidManifest.xml:28:13-72
151            android:directBootAware="true"
151-->[com.google.firebase:firebase-common:20.0.0] AndroidManifest.xml:29:13-43
152            android:exported="false"
152-->[com.google.firebase:firebase-common:20.0.0] AndroidManifest.xml:30:13-37
153            android:initOrder="100" />
153-->[com.google.firebase:firebase-common:20.0.0] AndroidManifest.xml:31:13-36
154
155        <meta-data
155-->[com.google.android.gms:play-services-basement:17.5.0] AndroidManifest.xml:23:9-25:69
156            android:name="com.google.android.gms.version"
156-->[com.google.android.gms:play-services-basement:17.5.0] AndroidManifest.xml:24:13-58
157            android:value="@integer/google_play_services_version" />
157-->[com.google.android.gms:play-services-basement:17.5.0] AndroidManifest.xml:25:13-66
158
159        <service
159-->[androidx.room:room-runtime:2.1.0] AndroidManifest.xml:25:9-27:40
160            android:name="androidx.room.MultiInstanceInvalidationService"
160-->[androidx.room:room-runtime:2.1.0] AndroidManifest.xml:26:13-74
161            android:exported="false" />
161-->[androidx.room:room-runtime:2.1.0] AndroidManifest.xml:27:13-37
162    </application>
163
164</manifest>